<?xml version="1.0" encoding="UTF-8"?>
<!-- Generated by org.testng.reporters.JUnitXMLReporter -->
<testsuite ignored="0" hostname="SNK" failures="0" tests="3" name="Default test" time="70.808" errors="0" timestamp="2024-02-11T16:48:36 IST">
  <testcase classname="ParallelExecution.TestCase" name="test1" time="0.024"/>
  <testcase classname="ParallelExecution.TestCase" name="test2" time="0.005"/>
  <testcase classname="ParallelExecution.TestCase" name="test3" time="0.004"/>
</testsuite> <!-- Default test -->
