<?xml version="1.0" encoding="UTF-8"?>
<!-- Generated by org.testng.reporters.JUnitXMLReporter -->
<testsuite ignored="0" hostname="SNK" failures="0" tests="3" name="Test2" time="67.188" errors="0" timestamp="2024-02-12T10:46:28 IST">
  <testcase classname="ParallelExecution.TestCase" name="test1" time="0.007"/>
  <testcase classname="ParallelExecution.TestCase" name="test2" time="0.003"/>
  <testcase classname="ParallelExecution.TestCase" name="test3" time="0.003"/>
</testsuite> <!-- Test2 -->
