<?xml version="1.0" encoding="UTF-8"?>
<!-- Generated by org.testng.reporters.JUnitXMLReporter -->
<testsuite ignored="4" hostname="SNK" failures="0" tests="8" name="Test2" time="37.524" errors="0" timestamp="2023-11-22T14:27:20 IST">
  <testcase classname="com.TestNGpracticeTest.Sample1" name="t3" time="0.021"/>
  <testcase classname="com.TestNGpracticeTest.Sample1" name="t4" time="0.002"/>
  <testcase classname="com.TestNGpracticeTest.Sample1" name="test1" time="0.001"/>
  <testcase classname="com.TestNGpracticeTest.Sample1" name="test2" time="0.002"/>
  <testcase classname="com.TestNGpracticeTest.Sample2" name="s2test1" time="0.004"/>
  <testcase classname="com.TestNGpracticeTest.Sample2" name="s2test2" time="0.003"/>
  <testcase classname="com.TestNGpracticeTest.Sample3" name="s3Test1" time="0.003"/>
  <testcase classname="com.TestNGpracticeTest.Sample3" name="s3Test2" time="0.001"/>
  <testcase classname="com.hms.hospice.GenericUtils.BaseClass" name="@AfterSuite config_AS" time="0.0">
    <ignored/>
  </testcase> <!-- @AfterSuite config_AS -->
  <testcase classname="com.hms.hospice.GenericUtils.BaseClass" name="@AfterSuite config_AS" time="0.0">
    <ignored/>
  </testcase> <!-- @AfterSuite config_AS -->
  <testcase classname="com.hms.hospice.GenericUtils.BaseClass" name="@BeforeSuite config_BS" time="0.0">
    <ignored/>
  </testcase> <!-- @BeforeSuite config_BS -->
  <testcase classname="com.hms.hospice.GenericUtils.BaseClass" name="@BeforeSuite config_BS" time="0.0">
    <ignored/>
  </testcase> <!-- @BeforeSuite config_BS -->
</testsuite> <!-- Test2 -->
