<?xml version="1.0" encoding="UTF-8"?>
<testng-results ignored="0" total="1" passed="1" failed="0" skipped="0">
  <reporter-output>
  </reporter-output>
  <suite started-at="2023-12-01T11:39:50 IST" name="Default suite" finished-at="2023-12-01T11:39:56 IST" duration-ms="5400">
    <groups>
    </groups>
    <test started-at="2023-12-01T11:39:50 IST" name="Default test" finished-at="2023-12-01T11:39:56 IST" duration-ms="5400">
      <class name="com.hms.hospice.sprint1.PatientBookAppointmentTest">
        <test-method signature="BookAppointment()[pri:0, instance:com.hms.hospice.sprint1.PatientBookAppointmentTest@18078bef]" started-at="2023-12-01T11:39:51 IST" name="BookAppointment" finished-at="2023-12-01T11:39:56 IST" duration-ms="5330" status="PASS">
          <reporter-output>
          </reporter-output>
        </test-method> <!-- BookAppointment -->
      </class> <!-- com.hms.hospice.sprint1.PatientBookAppointmentTest -->
    </test> <!-- Default test -->
  </suite> <!-- Default suite -->
</testng-results>
